#-----------------------------------------------------------
# Vivado v2019.2 (64-bit)
# SW Build 2708876 on Wed Nov  6 21:40:23 MST 2019
# IP Build 2700528 on Thu Nov  7 00:09:20 MST 2019
# Start of session at: Wed Dec 30 13:37:53 2020
# Process ID: 20636
# Current directory: E:/hw/Hardware_Design/exp4
# Command line: vivado.exe -gui_launcher_event rodinguilauncherevent17844 E:\hw\Hardware_Design\exp4\exp4.xpr
# Log file: E:/hw/Hardware_Design/exp4/vivado.log
# Journal file: E:/hw/Hardware_Design/exp4\vivado.jou
#-----------------------------------------------------------
start_gui
open_project E:/hw/Hardware_Design/exp4/exp4.xpr
Scanning sources...
Finished scanning sources
INFO: [IP_Flow 19-234] Refreshing IP repositories
INFO: [IP_Flow 19-1704] No user IP repositories specified
INFO: [IP_Flow 19-2313] Loaded Vivado IP repository 'D:/Xilinx/Vivado/2019.2/data/ip'.
WARNING: [IP_Flow 19-3664] IP 'data_ram' generated file not found 'e:/hw/Hardware_Design/exp4/exp4.srcs/sources_1/ip/data_ram/data_ram.dcp'. Please regenerate to continue.
WARNING: [IP_Flow 19-3664] IP 'data_ram' generated file not found 'e:/hw/Hardware_Design/exp4/exp4.srcs/sources_1/ip/data_ram/data_ram_stub.v'. Please regenerate to continue.
WARNING: [IP_Flow 19-3664] IP 'data_ram' generated file not found 'e:/hw/Hardware_Design/exp4/exp4.srcs/sources_1/ip/data_ram/data_ram_stub.vhdl'. Please regenerate to continue.
WARNING: [IP_Flow 19-3664] IP 'data_ram' generated file not found 'e:/hw/Hardware_Design/exp4/exp4.srcs/sources_1/ip/data_ram/data_ram_sim_netlist.v'. Please regenerate to continue.
WARNING: [IP_Flow 19-3664] IP 'data_ram' generated file not found 'e:/hw/Hardware_Design/exp4/exp4.srcs/sources_1/ip/data_ram/data_ram_sim_netlist.vhdl'. Please regenerate to continue.
open_project: Time (s): cpu = 00:00:17 ; elapsed = 00:00:07 . Memory (MB): peak = 766.703 ; gain = 113.461
update_compile_order -fileset sources_1
create_ip -name mult_gen -vendor xilinx.com -library ip -version 12.0 -module_name mult_signed -dir e:/hw/Hardware_Design/exp4/exp4.srcs/sources_1/ip
set_property -dict [list CONFIG.Component_Name {mult_signed} CONFIG.PortAWidth {32} CONFIG.PortBWidth {32} CONFIG.Multiplier_Construction {Use_Mults} CONFIG.Use_Custom_Output_Width {false} CONFIG.OutputWidthHigh {63} CONFIG.PipeStages {9} CONFIG.ClockEnable {true} CONFIG.SyncClear {true}] [get_ips mult_signed]
WARNING: [Vivado 12-3523] Attempt to change 'Component_Name' from 'mult_signed' to 'mult_signed' is not allowed and is ignored.
generate_target {instantiation_template} [get_files e:/hw/Hardware_Design/exp4/exp4.srcs/sources_1/ip/mult_signed/mult_signed.xci]
INFO: [IP_Flow 19-1686] Generating 'Instantiation Template' target for IP 'mult_signed'...
update_compile_order -fileset sources_1
generate_target all [get_files  e:/hw/Hardware_Design/exp4/exp4.srcs/sources_1/ip/mult_signed/mult_signed.xci]
INFO: [IP_Flow 19-1686] Generating 'Synthesis' target for IP 'mult_signed'...
INFO: [IP_Flow 19-1686] Generating 'Simulation' target for IP 'mult_signed'...
INFO: [IP_Flow 19-1686] Generating 'Change Log' target for IP 'mult_signed'...
catch { config_ip_cache -export [get_ips -all mult_signed] }
export_ip_user_files -of_objects [get_files e:/hw/Hardware_Design/exp4/exp4.srcs/sources_1/ip/mult_signed/mult_signed.xci] -no_script -sync -force -quiet
create_ip_run [get_files -of_objects [get_fileset sources_1] e:/hw/Hardware_Design/exp4/exp4.srcs/sources_1/ip/mult_signed/mult_signed.xci]
launch_runs -jobs 4 mult_signed_synth_1
[Wed Dec 30 14:01:16 2020] Launched mult_signed_synth_1...
Run output will be captured here: E:/hw/Hardware_Design/exp4/exp4.runs/mult_signed_synth_1/runme.log
export_simulation -of_objects [get_files e:/hw/Hardware_Design/exp4/exp4.srcs/sources_1/ip/mult_signed/mult_signed.xci] -directory E:/hw/Hardware_Design/exp4/exp4.ip_user_files/sim_scripts -ip_user_files_dir E:/hw/Hardware_Design/exp4/exp4.ip_user_files -ipstatic_source_dir E:/hw/Hardware_Design/exp4/exp4.ip_user_files/ipstatic -lib_map_path [list {modelsim=E:/hw/Hardware_Design/exp4/exp4.cache/compile_simlib/modelsim} {questa=E:/hw/Hardware_Design/exp4/exp4.cache/compile_simlib/questa} {riviera=E:/hw/Hardware_Design/exp4/exp4.cache/compile_simlib/riviera} {activehdl=E:/hw/Hardware_Design/exp4/exp4.cache/compile_simlib/activehdl}] -use_ip_compiled_libs -force -quiet
create_ip -name mult_gen -vendor xilinx.com -library ip -version 12.0 -module_name mult_gen_0 -dir e:/hw/Hardware_Design/exp4/exp4.srcs/sources_1/ip
set_property -dict [list CONFIG.PortAType {Unsigned} CONFIG.PortAWidth {32} CONFIG.PortBType {Unsigned} CONFIG.PortBWidth {32} CONFIG.Multiplier_Construction {Use_Mults} CONFIG.OutputWidthHigh {63} CONFIG.PipeStages {9} CONFIG.ClockEnable {true} CONFIG.SyncClear {true}] [get_ips mult_gen_0]
generate_target {instantiation_template} [get_files e:/hw/Hardware_Design/exp4/exp4.srcs/sources_1/ip/mult_gen_0/mult_gen_0.xci]
INFO: [IP_Flow 19-1686] Generating 'Instantiation Template' target for IP 'mult_gen_0'...
generate_target all [get_files  e:/hw/Hardware_Design/exp4/exp4.srcs/sources_1/ip/mult_gen_0/mult_gen_0.xci]
INFO: [IP_Flow 19-1686] Generating 'Synthesis' target for IP 'mult_gen_0'...
INFO: [IP_Flow 19-1686] Generating 'Simulation' target for IP 'mult_gen_0'...
INFO: [IP_Flow 19-1686] Generating 'Change Log' target for IP 'mult_gen_0'...
catch { config_ip_cache -export [get_ips -all mult_gen_0] }
export_ip_user_files -of_objects [get_files e:/hw/Hardware_Design/exp4/exp4.srcs/sources_1/ip/mult_gen_0/mult_gen_0.xci] -no_script -sync -force -quiet
create_ip_run [get_files -of_objects [get_fileset sources_1] e:/hw/Hardware_Design/exp4/exp4.srcs/sources_1/ip/mult_gen_0/mult_gen_0.xci]
launch_runs -jobs 4 mult_gen_0_synth_1
[Wed Dec 30 14:02:57 2020] Launched mult_gen_0_synth_1...
Run output will be captured here: E:/hw/Hardware_Design/exp4/exp4.runs/mult_gen_0_synth_1/runme.log
export_simulation -of_objects [get_files e:/hw/Hardware_Design/exp4/exp4.srcs/sources_1/ip/mult_gen_0/mult_gen_0.xci] -directory E:/hw/Hardware_Design/exp4/exp4.ip_user_files/sim_scripts -ip_user_files_dir E:/hw/Hardware_Design/exp4/exp4.ip_user_files -ipstatic_source_dir E:/hw/Hardware_Design/exp4/exp4.ip_user_files/ipstatic -lib_map_path [list {modelsim=E:/hw/Hardware_Design/exp4/exp4.cache/compile_simlib/modelsim} {questa=E:/hw/Hardware_Design/exp4/exp4.cache/compile_simlib/questa} {riviera=E:/hw/Hardware_Design/exp4/exp4.cache/compile_simlib/riviera} {activehdl=E:/hw/Hardware_Design/exp4/exp4.cache/compile_simlib/activehdl}] -use_ip_compiled_libs -force -quiet
export_ip_user_files -of_objects  [get_files e:/hw/Hardware_Design/exp4/exp4.srcs/sources_1/ip/mult_gen_0/mult_gen_0.xci] -no_script -reset -force -quiet
remove_files  -fileset mult_gen_0 e:/hw/Hardware_Design/exp4/exp4.srcs/sources_1/ip/mult_gen_0/mult_gen_0.xci
INFO: [Project 1-386] Moving file 'e:/hw/Hardware_Design/exp4/exp4.srcs/sources_1/ip/mult_gen_0/mult_gen_0.xci' from fileset 'mult_gen_0' to fileset 'sources_1'.
create_ip -name mult_gen -vendor xilinx.com -library ip -version 12.0 -module_name mult_gen_0 -dir e:/hw/Hardware_Design/exp4/exp4.srcs/sources_1/ip
set_property -dict [list CONFIG.PortAType {Unsigned} CONFIG.PortAWidth {32} CONFIG.PortBType {Unsigned} CONFIG.PortBWidth {32} CONFIG.Multiplier_Construction {Use_Mults} CONFIG.OutputWidthHigh {63} CONFIG.PipeStages {9} CONFIG.ClockEnable {true} CONFIG.SyncClear {true}] [get_ips mult_gen_0]
generate_target {instantiation_template} [get_files e:/hw/Hardware_Design/exp4/exp4.srcs/sources_1/ip/mult_gen_0_1/mult_gen_0.xci]
INFO: [IP_Flow 19-1686] Generating 'Instantiation Template' target for IP 'mult_gen_0'...
generate_target all [get_files  e:/hw/Hardware_Design/exp4/exp4.srcs/sources_1/ip/mult_gen_0_1/mult_gen_0.xci]
INFO: [IP_Flow 19-1686] Generating 'Synthesis' target for IP 'mult_gen_0'...
INFO: [IP_Flow 19-1686] Generating 'Simulation' target for IP 'mult_gen_0'...
INFO: [IP_Flow 19-1686] Generating 'Change Log' target for IP 'mult_gen_0'...
catch { config_ip_cache -export [get_ips -all mult_gen_0] }
export_ip_user_files -of_objects [get_files e:/hw/Hardware_Design/exp4/exp4.srcs/sources_1/ip/mult_gen_0_1/mult_gen_0.xci] -no_script -sync -force -quiet
create_ip_run [get_files -of_objects [get_fileset sources_1] e:/hw/Hardware_Design/exp4/exp4.srcs/sources_1/ip/mult_gen_0_1/mult_gen_0.xci]
launch_runs -jobs 4 mult_gen_0_synth_1
[Wed Dec 30 14:03:50 2020] Launched mult_gen_0_synth_1...
Run output will be captured here: E:/hw/Hardware_Design/exp4/exp4.runs/mult_gen_0_synth_1/runme.log
export_simulation -of_objects [get_files e:/hw/Hardware_Design/exp4/exp4.srcs/sources_1/ip/mult_gen_0_1/mult_gen_0.xci] -directory E:/hw/Hardware_Design/exp4/exp4.ip_user_files/sim_scripts -ip_user_files_dir E:/hw/Hardware_Design/exp4/exp4.ip_user_files -ipstatic_source_dir E:/hw/Hardware_Design/exp4/exp4.ip_user_files/ipstatic -lib_map_path [list {modelsim=E:/hw/Hardware_Design/exp4/exp4.cache/compile_simlib/modelsim} {questa=E:/hw/Hardware_Design/exp4/exp4.cache/compile_simlib/questa} {riviera=E:/hw/Hardware_Design/exp4/exp4.cache/compile_simlib/riviera} {activehdl=E:/hw/Hardware_Design/exp4/exp4.cache/compile_simlib/activehdl}] -use_ip_compiled_libs -force -quiet
export_ip_user_files -of_objects  [get_files e:/hw/Hardware_Design/exp4/exp4.srcs/sources_1/ip/mult_gen_0_1/mult_gen_0.xci] -no_script -reset -force -quiet
remove_files  -fileset mult_gen_0 e:/hw/Hardware_Design/exp4/exp4.srcs/sources_1/ip/mult_gen_0_1/mult_gen_0.xci
INFO: [Project 1-386] Moving file 'e:/hw/Hardware_Design/exp4/exp4.srcs/sources_1/ip/mult_gen_0_1/mult_gen_0.xci' from fileset 'mult_gen_0' to fileset 'sources_1'.
create_ip -name mult_gen -vendor xilinx.com -library ip -version 12.0 -module_name mult_unsigned -dir e:/hw/Hardware_Design/exp4/exp4.srcs/sources_1/ip
set_property -dict [list CONFIG.Component_Name {mult_unsigned} CONFIG.PortAType {Unsigned} CONFIG.PortAWidth {32} CONFIG.PortBType {Unsigned} CONFIG.PortBWidth {32} CONFIG.Multiplier_Construction {Use_Mults} CONFIG.OutputWidthHigh {63} CONFIG.PipeStages {9} CONFIG.ClockEnable {true} CONFIG.SyncClear {true}] [get_ips mult_unsigned]
WARNING: [Vivado 12-3523] Attempt to change 'Component_Name' from 'mult_unsigned' to 'mult_unsigned' is not allowed and is ignored.
generate_target {instantiation_template} [get_files e:/hw/Hardware_Design/exp4/exp4.srcs/sources_1/ip/mult_unsigned/mult_unsigned.xci]
INFO: [IP_Flow 19-1686] Generating 'Instantiation Template' target for IP 'mult_unsigned'...
generate_target all [get_files  e:/hw/Hardware_Design/exp4/exp4.srcs/sources_1/ip/mult_unsigned/mult_unsigned.xci]
INFO: [IP_Flow 19-1686] Generating 'Synthesis' target for IP 'mult_unsigned'...
INFO: [IP_Flow 19-1686] Generating 'Simulation' target for IP 'mult_unsigned'...
INFO: [IP_Flow 19-1686] Generating 'Change Log' target for IP 'mult_unsigned'...
catch { config_ip_cache -export [get_ips -all mult_unsigned] }
export_ip_user_files -of_objects [get_files e:/hw/Hardware_Design/exp4/exp4.srcs/sources_1/ip/mult_unsigned/mult_unsigned.xci] -no_script -sync -force -quiet
create_ip_run [get_files -of_objects [get_fileset sources_1] e:/hw/Hardware_Design/exp4/exp4.srcs/sources_1/ip/mult_unsigned/mult_unsigned.xci]
launch_runs -jobs 4 mult_unsigned_synth_1
[Wed Dec 30 14:04:54 2020] Launched mult_unsigned_synth_1...
Run output will be captured here: E:/hw/Hardware_Design/exp4/exp4.runs/mult_unsigned_synth_1/runme.log
export_simulation -of_objects [get_files e:/hw/Hardware_Design/exp4/exp4.srcs/sources_1/ip/mult_unsigned/mult_unsigned.xci] -directory E:/hw/Hardware_Design/exp4/exp4.ip_user_files/sim_scripts -ip_user_files_dir E:/hw/Hardware_Design/exp4/exp4.ip_user_files -ipstatic_source_dir E:/hw/Hardware_Design/exp4/exp4.ip_user_files/ipstatic -lib_map_path [list {modelsim=E:/hw/Hardware_Design/exp4/exp4.cache/compile_simlib/modelsim} {questa=E:/hw/Hardware_Design/exp4/exp4.cache/compile_simlib/questa} {riviera=E:/hw/Hardware_Design/exp4/exp4.cache/compile_simlib/riviera} {activehdl=E:/hw/Hardware_Design/exp4/exp4.cache/compile_simlib/activehdl}] -use_ip_compiled_libs -force -quiet
update_compile_order -fileset sources_1
update_compile_order -fileset sources_1
update_compile_order -fileset sources_1
export_ip_user_files -of_objects  [get_files e:/hw/Hardware_Design/exp4/exp4.srcs/sources_1/ip/mult_signed/mult_signed.xci] -no_script -reset -force -quiet
remove_files  -fileset mult_signed e:/hw/Hardware_Design/exp4/exp4.srcs/sources_1/ip/mult_signed/mult_signed.xci
INFO: [Project 1-386] Moving file 'e:/hw/Hardware_Design/exp4/exp4.srcs/sources_1/ip/mult_signed/mult_signed.xci' from fileset 'mult_signed' to fileset 'sources_1'.
file delete -force e:/hw/Hardware_Design/exp4/exp4.srcs/sources_1/ip/mult_signed
export_ip_user_files -of_objects  [get_files e:/hw/Hardware_Design/exp4/exp4.srcs/sources_1/ip/mult_unsigned/mult_unsigned.xci] -no_script -reset -force -quiet
remove_files  -fileset mult_unsigned e:/hw/Hardware_Design/exp4/exp4.srcs/sources_1/ip/mult_unsigned/mult_unsigned.xci
INFO: [Project 1-386] Moving file 'e:/hw/Hardware_Design/exp4/exp4.srcs/sources_1/ip/mult_unsigned/mult_unsigned.xci' from fileset 'mult_unsigned' to fileset 'sources_1'.
file delete -force e:/hw/Hardware_Design/exp4/exp4.srcs/sources_1/ip/mult_unsigned
exit
INFO: [Common 17-206] Exiting Vivado at Wed Dec 30 16:43:47 2020...
