#-----------------------------------------------------------
# Vivado v2019.2 (64-bit)
# SW Build 2708876 on Wed Nov  6 21:40:23 MST 2019
# IP Build 2700528 on Thu Nov  7 00:09:20 MST 2019
# Start of session at: Tue Dec 29 14:47:15 2020
# Process ID: 10380
# Current directory: E:/hw/Hardware_Design/exp4
# Command line: vivado.exe -gui_launcher_event rodinguilauncherevent14744 E:\hw\Hardware_Design\exp4\exp4.xpr
# Log file: E:/hw/Hardware_Design/exp4/vivado.log
# Journal file: E:/hw/Hardware_Design/exp4\vivado.jou
#-----------------------------------------------------------
start_gui
open_project E:/hw/Hardware_Design/exp4/exp4.xpr
INFO: [Project 1-313] Project file moved from 'C:/Users/Hp/Desktop/Hardware_Design/exp4' since last save.
CRITICAL WARNING: [Project 1-311] Could not find the file 'E:/hw/Hardware_Design/exp3/mipstest.coe', nor could it be found using path 'C:/Users/Hp/Desktop/Hardware_Design/exp3/mipstest.coe'.
Scanning sources...
Finished scanning sources
WARNING: [filemgmt 56-2] IPUserFilesDir: Could not find the directory 'E:/hw/Hardware_Design/exp4/exp4.ip_user_files', nor could it be found using path 'C:/Users/Hp/Desktop/Hardware_Design/exp4/exp4.ip_user_files'.
INFO: [IP_Flow 19-234] Refreshing IP repositories
INFO: [IP_Flow 19-1704] No user IP repositories specified
INFO: [IP_Flow 19-2313] Loaded Vivado IP repository 'D:/Xilinx/Vivado/2019.2/data/ip'.
WARNING: [IP_Flow 19-2162] IP 'data_ram' is locked:
* IP definition 'Block Memory Generator (8.4)' for IP 'data_ram' (customized with software release 2019.1) has a different revision in the IP Catalog.
WARNING: [IP_Flow 19-3664] IP 'inst_ram' generated file not found 'e:/hw/Hardware_Design/exp4/exp4.srcs/sources_1/ip/inst_ram/inst_ram.dcp'. Please regenerate to continue.
WARNING: [IP_Flow 19-3664] IP 'inst_ram' generated file not found 'e:/hw/Hardware_Design/exp4/exp4.srcs/sources_1/ip/inst_ram/inst_ram_stub.v'. Please regenerate to continue.
WARNING: [IP_Flow 19-3664] IP 'inst_ram' generated file not found 'e:/hw/Hardware_Design/exp4/exp4.srcs/sources_1/ip/inst_ram/inst_ram_stub.vhdl'. Please regenerate to continue.
WARNING: [IP_Flow 19-3664] IP 'inst_ram' generated file not found 'e:/hw/Hardware_Design/exp4/exp4.srcs/sources_1/ip/inst_ram/inst_ram_sim_netlist.v'. Please regenerate to continue.
WARNING: [IP_Flow 19-3664] IP 'inst_ram' generated file not found 'e:/hw/Hardware_Design/exp4/exp4.srcs/sources_1/ip/inst_ram/inst_ram_sim_netlist.vhdl'. Please regenerate to continue.
WARNING: [IP_Flow 19-2162] IP 'inst_ram' is locked:
* IP definition 'Block Memory Generator (8.4)' for IP 'inst_ram' (customized with software release 2019.1) has a different revision in the IP Catalog.
open_project: Time (s): cpu = 00:00:38 ; elapsed = 00:00:17 . Memory (MB): peak = 789.777 ; gain = 156.320
update_compile_order -fileset sources_1
WARNING: [filemgmt 56-199] Attempt to get parsing info during refresh. "On-the-fly" syntax checking information may be incorrect. [E:\hw\Hardware_Design\exp4\exp4.srcs\sources_1\new\aludec.v:]
WARNING: [filemgmt 56-199] Attempt to get parsing info during refresh. "On-the-fly" syntax checking information may be incorrect. [E:\hw\Hardware_Design\exp4\exp4.srcs\sources_1\new\maindec.v:]
WARNING: [filemgmt 56-199] Attempt to get parsing info during refresh. "On-the-fly" syntax checking information may be incorrect. [E:\hw\Hardware_Design\exp4\exp4.srcs\sources_1\new\controller.v:]
WARNING: [filemgmt 56-199] Attempt to get parsing info during refresh. "On-the-fly" syntax checking information may be incorrect. [E:\hw\Hardware_Design\exp4\exp4.srcs\sources_1\new\mips.v:]
WARNING: [filemgmt 56-199] Attempt to get parsing info during refresh. "On-the-fly" syntax checking information may be incorrect. [E:\hw\Hardware_Design\exp4\exp4.srcs\sources_1\new\aludec.v:]
WARNING: [filemgmt 56-199] Attempt to get parsing info during refresh. "On-the-fly" syntax checking information may be incorrect. [E:\hw\Hardware_Design\exp4\exp4.srcs\sources_1\new\maindec.v:]
WARNING: [filemgmt 56-199] Attempt to get parsing info during refresh. "On-the-fly" syntax checking information may be incorrect. [E:\hw\Hardware_Design\exp4\exp4.srcs\sources_1\new\controller.v:]
WARNING: [filemgmt 56-199] Attempt to get parsing info during refresh. "On-the-fly" syntax checking information may be incorrect. [E:\hw\Hardware_Design\exp4\exp4.srcs\sources_1\new\mips.v:]
WARNING: [filemgmt 56-199] Attempt to get parsing info during refresh. "On-the-fly" syntax checking information may be incorrect. [E:\hw\Hardware_Design\exp4\exp4.srcs\sources_1\new\aludec.v:]
WARNING: [filemgmt 56-199] Attempt to get parsing info during refresh. "On-the-fly" syntax checking information may be incorrect. [E:\hw\Hardware_Design\exp4\exp4.srcs\sources_1\new\maindec.v:]
WARNING: [filemgmt 56-199] Attempt to get parsing info during refresh. "On-the-fly" syntax checking information may be incorrect. [E:\hw\Hardware_Design\exp4\exp4.srcs\sources_1\new\controller.v:]
WARNING: [filemgmt 56-199] Attempt to get parsing info during refresh. "On-the-fly" syntax checking information may be incorrect. [E:\hw\Hardware_Design\exp4\exp4.srcs\sources_1\new\mips.v:]
update_compile_order -fileset sources_1
update_compile_order -fileset sources_1
update_compile_order -fileset sources_1
update_compile_order -fileset sources_1
update_compile_order -fileset sources_1
update_compile_order -fileset sources_1
update_compile_order -fileset sources_1
update_compile_order -fileset sources_1
update_compile_order -fileset sources_1
update_compile_order -fileset sources_1
update_compile_order -fileset sources_1
update_compile_order -fileset sources_1
update_compile_order -fileset sources_1
update_compile_order -fileset sources_1
update_compile_order -fileset sources_1
update_compile_order -fileset sources_1
update_compile_order -fileset sources_1
update_compile_order -fileset sources_1
update_compile_order -fileset sources_1
update_compile_order -fileset sources_1
exit
INFO: [Common 17-206] Exiting Vivado at Tue Dec 29 17:15:04 2020...
