#-----------------------------------------------------------
# Vivado v2019.2 (64-bit)
# SW Build 2708876 on Wed Nov  6 21:40:23 MST 2019
# IP Build 2700528 on Thu Nov  7 00:09:20 MST 2019
# Start of session at: Mon Dec 28 22:00:00 2020
# Process ID: 14452
# Current directory: E:/hw/Hardware_Design/exp4
# Command line: vivado.exe -gui_launcher_event rodinguilauncherevent16632 E:\hw\Hardware_Design\exp4\exp4.xpr
# Log file: E:/hw/Hardware_Design/exp4/vivado.log
# Journal file: E:/hw/Hardware_Design/exp4\vivado.jou
#-----------------------------------------------------------
start_gui
open_project E:/hw/Hardware_Design/exp4/exp4.xpr
CRITICAL WARNING: [Project 1-19] Could not find the file 'E:/hw/Hardware_Design/exp3/mipstest.coe'.
Scanning sources...
Finished scanning sources
WARNING: [filemgmt 56-3] IPUserFilesDir: Could not find the directory 'E:/hw/Hardware_Design/exp4/exp4.ip_user_files'.
INFO: [IP_Flow 19-234] Refreshing IP repositories
INFO: [IP_Flow 19-1704] No user IP repositories specified
INFO: [IP_Flow 19-2313] Loaded Vivado IP repository 'D:/Xilinx/Vivado/2019.2/data/ip'.
WARNING: [IP_Flow 19-2162] IP 'data_ram' is locked:
* IP definition 'Block Memory Generator (8.4)' for IP 'data_ram' (customized with software release 2019.1) has a different revision in the IP Catalog.
WARNING: [IP_Flow 19-3664] IP 'inst_ram' generated file not found 'e:/hw/Hardware_Design/exp4/exp4.srcs/sources_1/ip/inst_ram/inst_ram.dcp'. Please regenerate to continue.
WARNING: [IP_Flow 19-3664] IP 'inst_ram' generated file not found 'e:/hw/Hardware_Design/exp4/exp4.srcs/sources_1/ip/inst_ram/inst_ram_stub.v'. Please regenerate to continue.
WARNING: [IP_Flow 19-3664] IP 'inst_ram' generated file not found 'e:/hw/Hardware_Design/exp4/exp4.srcs/sources_1/ip/inst_ram/inst_ram_stub.vhdl'. Please regenerate to continue.
WARNING: [IP_Flow 19-3664] IP 'inst_ram' generated file not found 'e:/hw/Hardware_Design/exp4/exp4.srcs/sources_1/ip/inst_ram/inst_ram_sim_netlist.v'. Please regenerate to continue.
WARNING: [IP_Flow 19-3664] IP 'inst_ram' generated file not found 'e:/hw/Hardware_Design/exp4/exp4.srcs/sources_1/ip/inst_ram/inst_ram_sim_netlist.vhdl'. Please regenerate to continue.
WARNING: [IP_Flow 19-2162] IP 'inst_ram' is locked:
* IP definition 'Block Memory Generator (8.4)' for IP 'inst_ram' (customized with software release 2019.1) has a different revision in the IP Catalog.
open_project: Time (s): cpu = 00:00:12 ; elapsed = 00:00:06 . Memory (MB): peak = 780.242 ; gain = 137.527
update_compile_order -fileset sources_1
export_ip_user_files -of_objects  [get_files E:/hw/Hardware_Design/exp3/mipstest.coe] -no_script -reset -force -quiet
remove_files  E:/hw/Hardware_Design/exp3/mipstest.coe
update_compile_order -fileset sources_1
update_compile_order -fileset sources_1
exit
INFO: [Common 17-206] Exiting Vivado at Mon Dec 28 22:04:15 2020...
