#-----------------------------------------------------------
# Vivado v2019.2 (64-bit)
# SW Build 2708876 on Wed Nov  6 21:40:23 MST 2019
# IP Build 2700528 on Thu Nov  7 00:09:20 MST 2019
# Start of session at: Mon Dec 28 21:44:09 2020
# Process ID: 4892
# Current directory: E:/hw/Hardware_Design/exp4
# Command line: vivado.exe -gui_launcher_event rodinguilauncherevent8136 E:\hw\Hardware_Design\exp4\exp4.xpr
# Log file: E:/hw/Hardware_Design/exp4/vivado.log
# Journal file: E:/hw/Hardware_Design/exp4\vivado.jou
#-----------------------------------------------------------
start_gui
open_project E:/hw/Hardware_Design/exp4/exp4.xpr
INFO: [Project 1-313] Project file moved from 'D:/Software/Vivado/projects/Computer_Organization/exp4' since last save.
CRITICAL WARNING: [Project 1-311] Could not find the file 'E:/hw/Hardware_Design/exp3/mipstest.coe', nor could it be found using path 'D:/Software/Vivado/projects/Computer_Organization/exp3/mipstest.coe'.
Scanning sources...
Finished scanning sources
WARNING: [Project 1-509] GeneratedRun file for 'synth_1' not found
WARNING: [filemgmt 56-2] IPUserFilesDir: Could not find the directory 'E:/hw/Hardware_Design/exp4/exp4.ip_user_files', nor could it be found using path 'D:/Software/Vivado/projects/Computer_Organization/exp4/exp4.ip_user_files'.
INFO: [IP_Flow 19-234] Refreshing IP repositories
INFO: [IP_Flow 19-1704] No user IP repositories specified
INFO: [IP_Flow 19-2313] Loaded Vivado IP repository 'D:/Xilinx/Vivado/2019.2/data/ip'.
WARNING: [IP_Flow 19-2162] IP 'data_ram' is locked:
* IP definition 'Block Memory Generator (8.4)' for IP 'data_ram' (customized with software release 2019.1) has a different revision in the IP Catalog.
WARNING: [IP_Flow 19-3664] IP 'inst_ram' generated file not found 'e:/hw/Hardware_Design/exp4/exp4.srcs/sources_1/ip/inst_ram/inst_ram.dcp'. Please regenerate to continue.
WARNING: [IP_Flow 19-3664] IP 'inst_ram' generated file not found 'e:/hw/Hardware_Design/exp4/exp4.srcs/sources_1/ip/inst_ram/inst_ram_stub.v'. Please regenerate to continue.
WARNING: [IP_Flow 19-3664] IP 'inst_ram' generated file not found 'e:/hw/Hardware_Design/exp4/exp4.srcs/sources_1/ip/inst_ram/inst_ram_stub.vhdl'. Please regenerate to continue.
WARNING: [IP_Flow 19-3664] IP 'inst_ram' generated file not found 'e:/hw/Hardware_Design/exp4/exp4.srcs/sources_1/ip/inst_ram/inst_ram_sim_netlist.v'. Please regenerate to continue.
WARNING: [IP_Flow 19-3664] IP 'inst_ram' generated file not found 'e:/hw/Hardware_Design/exp4/exp4.srcs/sources_1/ip/inst_ram/inst_ram_sim_netlist.vhdl'. Please regenerate to continue.
WARNING: [IP_Flow 19-2162] IP 'inst_ram' is locked:
* IP definition 'Block Memory Generator (8.4)' for IP 'inst_ram' (customized with software release 2019.1) has a different revision in the IP Catalog.
INFO: [Project 1-230] Project 'exp4.xpr' upgraded for this version of Vivado.
open_project: Time (s): cpu = 00:00:14 ; elapsed = 00:00:07 . Memory (MB): peak = 743.285 ; gain = 110.402
update_compile_order -fileset sources_1
add_files -norecurse -scan_for_includes E:/hw/ref_code/defines.vh
import_files -norecurse E:/hw/ref_code/defines.vh
update_compile_order -fileset sources_1
update_compile_order -fileset sources_1
update_compile_order -fileset sources_1
update_compile_order -fileset sources_1
exit
INFO: [Common 17-206] Exiting Vivado at Mon Dec 28 21:57:51 2020...
